This is pdfTeX, Version 3.14159265-2.6-1.40.20 (TeX Live 2019/Debian) (preloaded format=pdflatex 2020.9.7)  6 JAN 2021 22:16
entering extended mode
 restricted \write18 enabled.
 %&-line parsing enabled.
**qss.tex
(./qss.tex
LaTeX2e <2020-02-02> patch level 2
L3 programming layer <2020-02-14>
(/usr/share/texlive/texmf-dist/tex/latex/base/article.cls
Document Class: article 2019/12/20 v1.4l Standard LaTeX document class
(/usr/share/texlive/texmf-dist/tex/latex/base/size11.clo
File: size11.clo 2019/12/20 v1.4l Standard LaTeX file (size option)
)
\c@part=\count167
\c@section=\count168
\c@subsection=\count169
\c@subsubsection=\count170
\c@paragraph=\count171
\c@subparagraph=\count172
\c@figure=\count173
\c@table=\count174
\abovecaptionskip=\skip47
\belowcaptionskip=\skip48
\bibindent=\dimen134
)
(/usr/share/texlive/texmf-dist/tex/latex/ucs/ucs.sty
Package: ucs 2013/05/11 v2.2 UCS: Unicode input support

(/usr/share/texlive/texmf-dist/tex/latex/ucs/data/uni-global.def
File: uni-global.def 2013/05/13 UCS: Unicode global data
)
\uc@secondtry=\count175
\uc@combtoks=\toks14
\uc@combtoksb=\toks15
\uc@temptokena=\toks16
)
(/usr/share/texlive/texmf-dist/tex/latex/base/inputenc.sty
Package: inputenc 2018/08/11 v1.3c Input encoding file
\inpenc@prehook=\toks17
\inpenc@posthook=\toks18

(/usr/share/texlive/texmf-dist/tex/latex/ucs/utf8x.def
File: utf8x.def 2004/10/17 UCS: Input encoding UTF-8
))
(/usr/share/texlive/texmf-dist/tex/generic/babel/babel.sty
Package: babel 2020/02/14 3.40 The Babel package

(/usr/share/texlive/texmf-dist/tex/generic/babel/switch.def
File: switch.def 2020/02/14 3.40 Babel switching mechanism
)
(/usr/share/texlive/texmf-dist/tex/generic/babel-russian/russianb.ldf
Language: russian 2017/08/12 1.3j Russian support for the Babel system

(/usr/share/texlive/texmf-dist/tex/generic/babel/babel.def
File: babel.def 2020/02/14 3.40 Babel common definitions
\babel@savecnt=\count176
\U@D=\dimen135

(/usr/share/texlive/texmf-dist/tex/generic/babel/txtbabel.def)
\bbl@readstream=\read2
\bbl@dirlevel=\count177
)

Package babel Warning: No Cyrillic font encoding has been loaded so far.
(babel)                A font encoding should be declared before babel.
(babel)                Default `T2A' encoding will be loaded  on input line 74.


(/usr/share/texlive/texmf-dist/tex/latex/cyrillic/t2aenc.def
File: t2aenc.def 2005/09/27 v1.0i Cyrillic encoding definition file
)
Package babel Info: Making " an active character on input line 120.
Package babel Info: Default for \cyrdash is provided on input line 157.
))
(/usr/share/texlive/texmf-dist/tex/latex/t2/mathtext.sty
Package: mathtext 2018/04/14 v1.0 transparent text-and-math defs
LaTeX Info: Redefining \halign on input line 121.
)
(/usr/share/texlive/texmf-dist/tex/latex/amsmath/amsmath.sty
Package: amsmath 2020/01/20 v2.17e AMS math features
\@mathmargin=\skip49

For additional information on amsmath, use the `?' option.
(/usr/share/texlive/texmf-dist/tex/latex/amsmath/amstext.sty
Package: amstext 2000/06/29 v2.01 AMS text

(/usr/share/texlive/texmf-dist/tex/latex/amsmath/amsgen.sty
File: amsgen.sty 1999/11/30 v2.0 generic functions
\@emptytoks=\toks19
\ex@=\dimen136
))
(/usr/share/texlive/texmf-dist/tex/latex/amsmath/amsbsy.sty
Package: amsbsy 1999/11/29 v1.2d Bold Symbols
\pmbraise@=\dimen137
)
(/usr/share/texlive/texmf-dist/tex/latex/amsmath/amsopn.sty
Package: amsopn 2016/03/08 v2.02 operator names
)
\inf@bad=\count178
LaTeX Info: Redefining \frac on input line 227.
\uproot@=\count179
\leftroot@=\count180
LaTeX Info: Redefining \overline on input line 389.
\classnum@=\count181
\DOTSCASE@=\count182
LaTeX Info: Redefining \ldots on input line 486.
LaTeX Info: Redefining \dots on input line 489.
LaTeX Info: Redefining \cdots on input line 610.
\Mathstrutbox@=\box45
\strutbox@=\box46
\big@size=\dimen138
LaTeX Font Info:    Redeclaring font encoding OML on input line 733.
\symOMLletters=\mathgroup4
LaTeX Font Info:    Redeclaring font encoding OMS on input line 734.
\symOMSletters=\mathgroup5
\macc@depth=\count183
\c@MaxMatrixCols=\count184
\dotsspace@=\muskip16
\c@parentequation=\count185
\dspbrk@lvl=\count186
\tag@help=\toks20
\row@=\count187
\column@=\count188
\maxfields@=\count189
\andhelp@=\toks21
\eqnshift@=\dimen139
\alignsep@=\dimen140
\tagshift@=\dimen141
\tagwidth@=\dimen142
\totwidth@=\dimen143
\lineht@=\dimen144
\@envbody=\toks22
\multlinegap=\skip50
\multlinetaggap=\skip51
\mathdisplay@stack=\toks23
LaTeX Info: Redefining \[ on input line 2859.
LaTeX Info: Redefining \] on input line 2860.
)
(/usr/share/texlive/texmf-dist/tex/latex/amsfonts/amssymb.sty
Package: amssymb 2013/01/14 v3.01 AMS font symbols

(/usr/share/texlive/texmf-dist/tex/latex/amsfonts/amsfonts.sty
Package: amsfonts 2013/01/14 v3.01 Basic AMSFonts support
\symAMSa=\mathgroup6
\symAMSb=\mathgroup7
LaTeX Font Info:    Redeclaring math symbol \hbar on input line 98.
LaTeX Font Info:    Overwriting math alphabet `\mathfrak' in version `bold'
(Font)                  U/euf/m/n --> U/euf/b/n on input line 106.
))
(/usr/share/texlive/texmf-dist/tex/latex/graphics/graphicx.sty
Package: graphicx 2019/11/30 v1.2a Enhanced LaTeX Graphics (DPC,SPQR)

(/usr/share/texlive/texmf-dist/tex/latex/graphics/keyval.sty
Package: keyval 2014/10/28 v1.15 key=value parser (DPC)
\KV@toks@=\toks24
)
(/usr/share/texlive/texmf-dist/tex/latex/graphics/graphics.sty
Package: graphics 2019/11/30 v1.4a Standard LaTeX Graphics (DPC,SPQR)

(/usr/share/texlive/texmf-dist/tex/latex/graphics/trig.sty
Package: trig 2016/01/03 v1.10 sin cos tan (DPC)
)
(/usr/share/texlive/texmf-dist/tex/latex/graphics-cfg/graphics.cfg
File: graphics.cfg 2016/06/04 v1.11 sample graphics configuration
)
Package graphics Info: Driver file: pdftex.def on input line 105.

(/usr/share/texlive/texmf-dist/tex/latex/graphics-def/pdftex.def
File: pdftex.def 2018/01/08 v1.0l Graphics/color driver for pdftex
))
\Gin@req@height=\dimen145
\Gin@req@width=\dimen146
)
(/usr/share/texlive/texmf-dist/tex/latex/listings/listings.sty
\lst@mode=\count190
\lst@gtempboxa=\box47
\lst@token=\toks25
\lst@length=\count191
\lst@currlwidth=\dimen147
\lst@column=\count192
\lst@pos=\count193
\lst@lostspace=\dimen148
\lst@width=\dimen149
\lst@newlines=\count194
\lst@lineno=\count195
\lst@maxwidth=\dimen150

(/usr/share/texlive/texmf-dist/tex/latex/listings/lstmisc.sty
File: lstmisc.sty 2019/09/10 1.8c (Carsten Heinz)
\c@lstnumber=\count196
\lst@skipnumbers=\count197
\lst@framebox=\box48
)
(/usr/share/texlive/texmf-dist/tex/latex/listings/listings.cfg
File: listings.cfg 2019/09/10 1.8c listings configuration
))
Package: listings 2019/09/10 1.8c (Carsten Heinz)

(/usr/share/texlive/texmf-dist/tex/latex/hyperref/hyperref.sty
Package: hyperref 2020/01/14 v7.00d Hypertext links for LaTeX

(/usr/share/texlive/texmf-dist/tex/generic/ltxcmds/ltxcmds.sty
Package: ltxcmds 2019/12/15 v1.24 LaTeX kernel commands for general use (HO)
)
(/usr/share/texlive/texmf-dist/tex/generic/iftex/iftex.sty
Package: iftex 2019/11/07 v1.0c TeX engine tests
)
(/usr/share/texlive/texmf-dist/tex/latex/pdftexcmds/pdftexcmds.sty
Package: pdftexcmds 2019/11/24 v0.31 Utility functions of pdfTeX for LuaTeX (HO
)

(/usr/share/texlive/texmf-dist/tex/generic/infwarerr/infwarerr.sty
Package: infwarerr 2019/12/03 v1.5 Providing info/warning/error messages (HO)
)
Package pdftexcmds Info: \pdf@primitive is available.
Package pdftexcmds Info: \pdf@ifprimitive is available.
Package pdftexcmds Info: \pdfdraftmode found.
)
(/usr/share/texlive/texmf-dist/tex/generic/kvsetkeys/kvsetkeys.sty
Package: kvsetkeys 2019/12/15 v1.18 Key value parser (HO)
)
(/usr/share/texlive/texmf-dist/tex/generic/kvdefinekeys/kvdefinekeys.sty
Package: kvdefinekeys 2019-12-19 v1.6 Define keys (HO)
)
(/usr/share/texlive/texmf-dist/tex/generic/pdfescape/pdfescape.sty
Package: pdfescape 2019/12/09 v1.15 Implements pdfTeX's escape features (HO)
)
(/usr/share/texlive/texmf-dist/tex/latex/hycolor/hycolor.sty
Package: hycolor 2020-01-27 v1.10 Color options for hyperref/bookmark (HO)
)
(/usr/share/texlive/texmf-dist/tex/latex/letltxmacro/letltxmacro.sty
Package: letltxmacro 2019/12/03 v1.6 Let assignment for LaTeX macros (HO)
)
(/usr/share/texlive/texmf-dist/tex/latex/auxhook/auxhook.sty
Package: auxhook 2019-12-17 v1.6 Hooks for auxiliary files (HO)
)
(/usr/share/texlive/texmf-dist/tex/latex/kvoptions/kvoptions.sty
Package: kvoptions 2019/11/29 v3.13 Key value format for package options (HO)
)
\@linkdim=\dimen151
\Hy@linkcounter=\count198
\Hy@pagecounter=\count199

(/usr/share/texlive/texmf-dist/tex/latex/hyperref/pd1enc.def
File: pd1enc.def 2020/01/14 v7.00d Hyperref: PDFDocEncoding definition (HO)
Now handling font encoding PD1 ...
... no UTF-8 mapping file for font encoding PD1
\symPD1letters=\mathgroup8
)
(/usr/share/texlive/texmf-dist/tex/generic/intcalc/intcalc.sty
Package: intcalc 2019/12/15 v1.3 Expandable calculations with integers (HO)
)
(/usr/share/texlive/texmf-dist/tex/generic/etexcmds/etexcmds.sty
Package: etexcmds 2019/12/15 v1.7 Avoid name clashes with e-TeX commands (HO)
)
\Hy@SavedSpaceFactor=\count266
\pdfmajorversion=\count267
Package hyperref Info: Option `unicode' set `true' on input line 3502.

(/usr/share/texlive/texmf-dist/tex/latex/hyperref/puenc.def
File: puenc.def 2020/01/14 v7.00d Hyperref: PDF Unicode definition (HO)
Now handling font encoding PU ...
... no UTF-8 mapping file for font encoding PU
\symPUletters=\mathgroup9
)
Package hyperref Info: Hyper figures OFF on input line 4547.
Package hyperref Info: Link nesting OFF on input line 4552.
Package hyperref Info: Hyper index ON on input line 4555.
Package hyperref Info: Plain pages OFF on input line 4562.
Package hyperref Info: Backreferencing OFF on input line 4567.
Package hyperref Info: Implicit mode ON; LaTeX internals redefined.
Package hyperref Info: Bookmarks ON on input line 4800.
\c@Hy@tempcnt=\count268

(/usr/share/texlive/texmf-dist/tex/latex/url/url.sty
\Urlmuskip=\muskip17
Package: url 2013/09/16  ver 3.4  Verb mode for urls, etc.
)
LaTeX Info: Redefining \url on input line 5159.
\XeTeXLinkMargin=\dimen152

(/usr/share/texlive/texmf-dist/tex/generic/bitset/bitset.sty
Package: bitset 2019/12/09 v1.3 Handle bit-vector datatype (HO)

(/usr/share/texlive/texmf-dist/tex/generic/bigintcalc/bigintcalc.sty
Package: bigintcalc 2019/12/15 v1.5 Expandable calculations on big integers (HO
)
))
\Fld@menulength=\count269
\Field@Width=\dimen153
\Fld@charsize=\dimen154
Package hyperref Info: Hyper figures OFF on input line 6430.
Package hyperref Info: Link nesting OFF on input line 6435.
Package hyperref Info: Hyper index ON on input line 6438.
Package hyperref Info: backreferencing OFF on input line 6445.
Package hyperref Info: Link coloring OFF on input line 6450.
Package hyperref Info: Link coloring with OCG OFF on input line 6455.
Package hyperref Info: PDF/A mode OFF on input line 6460.
LaTeX Info: Redefining \ref on input line 6500.
LaTeX Info: Redefining \pageref on input line 6504.

(/usr/share/texlive/texmf-dist/tex/generic/atbegshi/atbegshi.sty
Package: atbegshi 2019/12/05 v1.19 At begin shipout hook (HO)
)
\Hy@abspage=\count270
\c@Item=\count271
\c@Hfootnote=\count272
)
Package hyperref Info: Driver (autodetected): hpdftex.

(/usr/share/texlive/texmf-dist/tex/latex/hyperref/hpdftex.def
File: hpdftex.def 2020/01/14 v7.00d Hyperref driver for pdfTeX

(/usr/share/texlive/texmf-dist/tex/latex/atveryend/atveryend.sty
Package: atveryend 2019-12-11 v1.11 Hooks at the very end of document (HO)
Package atveryend Info: \enddocument detected (standard20110627).
)
\Fld@listcount=\count273
\c@bookmark@seq@number=\count274

(/usr/share/texlive/texmf-dist/tex/latex/rerunfilecheck/rerunfilecheck.sty
Package: rerunfilecheck 2019/12/05 v1.9 Rerun checks for auxiliary files (HO)

(/usr/share/texlive/texmf-dist/tex/generic/uniquecounter/uniquecounter.sty
Package: uniquecounter 2019/12/15 v1.4 Provide unlimited unique counter (HO)
)
Package uniquecounter Info: New unique counter `rerunfilecheck' on input line 2
86.
)
\Hy@SectionHShift=\skip52
)
(/usr/share/texlive/texmf-dist/tex/latex/revtex4/revsymb.sty
Package: revsymb 2001/08/02 v4.0 (http://publish.aps.org/revtex4/ for documenta
tion)
LaTeX Info: Redefining \frak on input line 94.
LaTeX Info: Redefining \Bbb on input line 110.
LaTeX Info: Redefining \REV@mathfrak on input line 118.
)
(/usr/share/texlive/texmf-dist/tex/latex/listings/lstlang1.sty
File: lstlang1.sty 2019/09/10 1.8c listings language file
)
(/usr/share/texlive/texmf-dist/tex/latex/listings/lstlang1.sty
File: lstlang1.sty 2019/09/10 1.8c listings language file
)
(/usr/share/texlive/texmf-dist/tex/latex/listings/lstlang1.sty
File: lstlang1.sty 2019/09/10 1.8c listings language file
)
Package hyperref Info: Option `colorlinks' set `true' on input line 24.

(/usr/share/texlive/texmf-dist/tex/latex/l3backend/l3backend-pdfmode.def
File: l3backend-pdfmode.def 2020-02-03 L3 backend support: PDF mode
\l__kernel_color_stack_int=\count275
\l__pdf_internal_box=\box49
)
(./qss.aux
LaTeX Font Info:    Trying to load font information for T2A+cmr on input line 2
1.
 (/usr/share/texlive/texmf-dist/tex/latex/cyrillic/t2acmr.fd
File: t2acmr.fd 2001/08/11 v1.0a Computer Modern Cyrillic font definitions
)

LaTeX Warning: Label `eq_8' multiply defined.


LaTeX Warning: Label `eq_17' multiply defined.


LaTeX Warning: Label `' multiply defined.


LaTeX Warning: Label `' multiply defined.


LaTeX Warning: Label `' multiply defined.


LaTeX Warning: Label `' multiply defined.


LaTeX Warning: Label `' multiply defined.


LaTeX Warning: Label `' multiply defined.


LaTeX Warning: Label `eq_20' multiply defined.


LaTeX Warning: Label `eq_23' multiply defined.


LaTeX Warning: Label `' multiply defined.


LaTeX Warning: Label `' multiply defined.


LaTeX Warning: Label `' multiply defined.


LaTeX Warning: Label `eq_39' multiply defined.


LaTeX Warning: Label `eq_42' multiply defined.


LaTeX Warning: Label `eq_42' multiply defined.


LaTeX Warning: Label `' multiply defined.


LaTeX Warning: Label `' multiply defined.


LaTeX Warning: Label `' multiply defined.


LaTeX Warning: Label `eq_66' multiply defined.


LaTeX Warning: Label `' multiply defined.


LaTeX Warning: Label `' multiply defined.


LaTeX Warning: Label `' multiply defined.


LaTeX Warning: Label `' multiply defined.


LaTeX Warning: Label `' multiply defined.


LaTeX Warning: Label `' multiply defined.


LaTeX Warning: Label `' multiply defined.


LaTeX Warning: Label `' multiply defined.


LaTeX Warning: Label `' multiply defined.


LaTeX Warning: Label `eq_104' multiply defined.


LaTeX Warning: Label `' multiply defined.


LaTeX Warning: Label `' multiply defined.


LaTeX Warning: Label `eq_110' multiply defined.


LaTeX Warning: Label `' multiply defined.

)
\openout1 = `qss.aux'.

LaTeX Font Info:    Checking defaults for OML/cmm/m/it on input line 34.
LaTeX Font Info:    ... okay on input line 34.
LaTeX Font Info:    Checking defaults for OMS/cmsy/m/n on input line 34.
LaTeX Font Info:    ... okay on input line 34.
LaTeX Font Info:    Checking defaults for OT1/cmr/m/n on input line 34.
LaTeX Font Info:    ... okay on input line 34.
LaTeX Font Info:    Checking defaults for T1/cmr/m/n on input line 34.
LaTeX Font Info:    ... okay on input line 34.
LaTeX Font Info:    Checking defaults for TS1/cmr/m/n on input line 34.
LaTeX Font Info:    ... okay on input line 34.
LaTeX Font Info:    Checking defaults for OMX/cmex/m/n on input line 34.
LaTeX Font Info:    ... okay on input line 34.
LaTeX Font Info:    Checking defaults for U/cmr/m/n on input line 34.
LaTeX Font Info:    ... okay on input line 34.
LaTeX Font Info:    Checking defaults for T2A/cmr/m/n on input line 34.
LaTeX Font Info:    ... okay on input line 34.
LaTeX Font Info:    Checking defaults for PD1/pdf/m/n on input line 34.
LaTeX Font Info:    ... okay on input line 34.
LaTeX Font Info:    Checking defaults for PU/pdf/m/n on input line 34.
LaTeX Font Info:    ... okay on input line 34.
 (/usr/share/texlive/texmf-dist/tex/latex/ucs/ucsencs.def
File: ucsencs.def 2011/01/21 Fixes to fontencodings LGR, T3
)
(/usr/share/texlive/texmf-dist/tex/context/base/mkii/supp-pdf.mkii
[Loading MPS to PDF converter (version 2006.09.02).]
\scratchcounter=\count276
\scratchdimen=\dimen155
\scratchbox=\box50
\nofMPsegments=\count277
\nofMParguments=\count278
\everyMPshowfont=\toks26
\MPscratchCnt=\count279
\MPscratchDim=\dimen156
\MPnumerator=\count280
\makeMPintoPDFobject=\count281
\everyMPtoPDFconversion=\toks27
) (/usr/share/texlive/texmf-dist/tex/latex/epstopdf-pkg/epstopdf-base.sty
Package: epstopdf-base 2020-01-24 v2.11 Base part for package epstopdf
Package epstopdf-base Info: Redefining graphics rule for `.eps' on input line 4
85.

(/usr/share/texlive/texmf-dist/tex/latex/latexconfig/epstopdf-sys.cfg
File: epstopdf-sys.cfg 2010/07/13 v1.3 Configuration of (r)epstopdf for TeX Liv
e
))
\c@lstlisting=\count282
\AtBeginShipoutBox=\box51

(/usr/share/texlive/texmf-dist/tex/latex/graphics/color.sty
Package: color 2019/11/23 v1.2a Standard LaTeX Color (DPC)

(/usr/share/texlive/texmf-dist/tex/latex/graphics-cfg/color.cfg
File: color.cfg 2016/01/02 v1.6 sample color configuration
)
Package color Info: Driver file: pdftex.def on input line 147.
)
Package hyperref Info: Link coloring ON on input line 34.

(/usr/share/texlive/texmf-dist/tex/latex/hyperref/nameref.sty
Package: nameref 2019/09/16 v2.46 Cross-referencing by name of section

(/usr/share/texlive/texmf-dist/tex/latex/refcount/refcount.sty
Package: refcount 2019/12/15 v3.6 Data extraction from label references (HO)
)
(/usr/share/texlive/texmf-dist/tex/generic/gettitlestring/gettitlestring.sty
Package: gettitlestring 2019/12/15 v1.6 Cleanup title references (HO)
)
\c@section@level=\count283
)
LaTeX Info: Redefining \ref on input line 34.
LaTeX Info: Redefining \pageref on input line 34.
LaTeX Info: Redefining \nameref on input line 34.

(./qss.out) (./qss.out)
\@outlinefile=\write3
\openout3 = `qss.out'.


(/usr/share/texlive/texmf-dist/tex/latex/ucs/data/uni-4.def
File: uni-4.def 2013/05/13 UCS: Unicode data U+0400..U+04FF
)
LaTeX Font Info:    Trying to load font information for OML+cmr on input line 3
7.

(/usr/share/texlive/texmf-dist/tex/latex/base/omlcmr.fd
File: omlcmr.fd 2019/12/16 v2.5j Standard LaTeX font definitions
)

LaTeX Font Warning: Font shape `OML/cmr/m/up' undefined
(Font)              using `OML/cmr/m/it' instead on input line 37.

LaTeX Font Info:    Font shape `OML/cmr/m/it' in size <17.28> not available
(Font)              Font shape `OML/cmm/m/it' tried instead on input line 37.
LaTeX Font Info:    Font shape `OML/cmr/m/up' in size <12> not available
(Font)              Font shape `OML/cmm/m/it' tried instead on input line 37.
LaTeX Font Info:    Font shape `OML/cmr/m/up' in size <10> not available
(Font)              Font shape `OML/cmm/m/it' tried instead on input line 37.
LaTeX Font Info:    Trying to load font information for OMS+cmr on input line 3
7.
(/usr/share/texlive/texmf-dist/tex/latex/base/omscmr.fd
File: omscmr.fd 2019/12/16 v2.5j Standard LaTeX font definitions
)

LaTeX Font Warning: Font shape `OMS/cmr/m/up' undefined
(Font)              using `OMS/cmr/m/n' instead on input line 37.

LaTeX Font Info:    Font shape `OMS/cmr/m/n' in size <17.28> not available
(Font)              Font shape `OMS/cmsy/m/n' tried instead on input line 37.
LaTeX Font Info:    Font shape `OMS/cmr/m/up' in size <12> not available
(Font)              Font shape `OMS/cmsy/m/n' tried instead on input line 37.
LaTeX Font Info:    Font shape `OMS/cmr/m/up' in size <10> not available
(Font)              Font shape `OMS/cmsy/m/n' tried instead on input line 37.
LaTeX Font Info:    Trying to load font information for U+msa on input line 37.

(/usr/share/texlive/texmf-dist/tex/latex/amsfonts/umsa.fd
File: umsa.fd 2013/01/14 v3.01 AMS symbols A
)
LaTeX Font Info:    Trying to load font information for U+msb on input line 37.


(/usr/share/texlive/texmf-dist/tex/latex/amsfonts/umsb.fd
File: umsb.fd 2013/01/14 v3.01 AMS symbols B
)
LaTeX Font Info:    Trying to load font information for PD1+cmr on input line 3
7.
LaTeX Font Info:    No file PD1cmr.fd. on input line 37.


LaTeX Font Warning: Font shape `PD1/cmr/m/up' undefined
(Font)              using `PD1/pdf/m/n' instead on input line 37.

LaTeX Font Info:    Trying to load font information for PU+cmr on input line 37
.
LaTeX Font Info:    No file PUcmr.fd. on input line 37.

LaTeX Font Warning: Font shape `PU/cmr/m/up' undefined
(Font)              using `PU/pdf/m/n' instead on input line 37.

LaTeX Font Info:    Font shape `OML/cmr/m/up' in size <8> not available
(Font)              Font shape `OML/cmm/m/it' tried instead on input line 37.
LaTeX Font Info:    Font shape `OML/cmr/m/up' in size <6> not available
(Font)              Font shape `OML/cmm/m/it' tried instead on input line 37.
LaTeX Font Info:    Font shape `OMS/cmr/m/up' in size <8> not available
(Font)              Font shape `OMS/cmsy/m/n' tried instead on input line 37.
LaTeX Font Info:    Font shape `OMS/cmr/m/up' in size <6> not available
(Font)              Font shape `OMS/cmsy/m/n' tried instead on input line 37.
LaTeX Font Info:    Font shape `OML/cmr/m/up' in size <10.95> not available
(Font)              Font shape `OML/cmm/m/it' tried instead on input line 39.
LaTeX Font Info:    Font shape `OMS/cmr/m/up' in size <10.95> not available
(Font)              Font shape `OMS/cmsy/m/n' tried instead on input line 39.

Overfull \hbox (7.27309pt too wide) in paragraph at lines 39--40
\T2A/cmr/m/n/10.95 сте-мы, опи-сы-ва-е-мой про-стей-шим га-миль-то-ни-а-ном $[]
 \PU/cmr/m/up/10.95 = \OMS/cmsy/m/n/10.95 ^^@[] [] [][][]$
 []


Overfull \hbox (1.0909pt too wide) in paragraph at lines 43--44
\T2A/cmr/m/n/10.95 physics"draws attention to paragraph 72 "Spin Hamiltonian": 
<< Of significant
 []

[1

{/var/lib/texmf/fonts/map/pdftex/updmap/pdftex.map}] (./qss.toc
Overfull \hbox (1.65132pt too wide) in paragraph at lines 21--21
 [][] [][][]\T2A/cmr/m/n/10.95 Модель Изин-га с фруст-ри-ро-ван-ной дву-мер-ной
 квад- 
 []

[2])
\tf@toc=\write4
\openout4 = `qss.toc'.

 [3] (/usr/share/texlive/texmf-dist/tex/latex/ucs/data/uni-0.def
File: uni-0.def 2013/05/13 UCS: Unicode data U+0000..U+00FF
) [4]

LaTeX Warning: Citation `nature_465' on page 5 undefined on input line 66.


LaTeX Warning: Citation `nature_465' on page 5 undefined on input line 75.

[5] [6] (/usr/share/texlive/texmf-dist/tex/latex/ucs/data/uni-34.def
File: uni-34.def 2013/05/13 UCS: Unicode data U+2200..U+22FF
)
(/usr/share/texlive/texmf-dist/tex/latex/ucs/data/uni-32.def
File: uni-32.def 2013/05/13 UCS: Unicode data U+2000..U+20FF
)
(/usr/share/texlive/texmf-dist/tex/latex/ucs/data/uni-33.def
File: uni-33.def 2013/05/13 UCS: Unicode data U+2100..U+21FF
) [7] [8] [9]
<pictures/fig1.png, id=393, 606.265pt x 109.40875pt>
File: pictures/fig1.png Graphic file (type png)
<use pictures/fig1.png>
Package pdftex.def Info: pictures/fig1.png  used on input line 138.
(pdftex.def)             Requested size: 303.13176pt x 54.70422pt.

[10 <./pictures/fig1.png>] [11]
Underfull \hbox (badness 10000) in paragraph at lines 211--212

 []

[12]

LaTeX Warning: Reference `14' on page 13 undefined on input line 264.

[13] [14]

LaTeX Warning: Command \cyri invalid in math mode on input line 313.

Missing character: There is no и in font cmr10!
[15] [16]
<pictures/fig2.png, id=483, 644.4075pt x 137.51375pt>
File: pictures/fig2.png Graphic file (type png)
<use pictures/fig2.png>
Package pdftex.def Info: pictures/fig2.png  used on input line 332.
(pdftex.def)             Requested size: 322.20296pt x 68.7567pt.
 [17 <./pictures/fig2.png>]

LaTeX Warning: Command \textperiodcentered invalid in math mode on input line 3
40.


LaTeX Warning: Command \textperiodcentered invalid in math mode on input line 3
40.

Missing character: There is no · in font cmr10!
[18]
Overfull \hbox (1.57121pt too wide) in paragraph at lines 347--348
\T2A/cmr/m/n/10.95 Существование раз-лич-ных ти-пов ос-нов-ных со-сто-я-ний под
-ра-зу-ме-ва-ет, что
 []

<pictures/fig3.png, id=539, 523.9575pt x 189.70876pt>
File: pictures/fig3.png Graphic file (type png)
<use pictures/fig3.png>
Package pdftex.def Info: pictures/fig3.png  used on input line 351.
(pdftex.def)             Requested size: 261.9781pt x 94.85414pt.
[19 <./pictures/fig3.png>]
<pictures/fig4.png, id=557, 634.37pt x 136.51pt>
File: pictures/fig4.png Graphic file (type png)
<use pictures/fig4.png>
Package pdftex.def Info: pictures/fig4.png  used on input line 365.
(pdftex.def)             Requested size: 317.18422pt x 68.25482pt.
 [20 <./pictures/fig4.png>]
<pictures/fig5.png, id=566, 720.6925pt x 309.155pt>
File: pictures/fig5.png Graphic file (type png)
<use pictures/fig5.png>
Package pdftex.def Info: pictures/fig5.png  used on input line 376.
(pdftex.def)             Requested size: 360.34537pt x 154.57712pt.
 [21 <./pictures/fig5.png>]
<pictures/fig6.png, id=587, 302.12875pt x 120.45pt>
File: pictures/fig6.png Graphic file (type png)
<use pictures/fig6.png>
Package pdftex.def Info: pictures/fig6.png  used on input line 391.
(pdftex.def)             Requested size: 151.064pt x 60.22484pt.
 [22]
<pictures/fig7.png, id=614, 649.42625pt x 170.6375pt>
File: pictures/fig7.png Graphic file (type png)
<use pictures/fig7.png>
Package pdftex.def Info: pictures/fig7.png  used on input line 403.
(pdftex.def)             Requested size: 324.71233pt x 85.31853pt.
 [23 <./pictures/fig6.png>] [24 <./pictures/fig7.png>] [25]
<pictures/fig8.png, id=655, 543.02875pt x 128.48pt>
File: pictures/fig8.png Graphic file (type png)
<use pictures/fig8.png>
Package pdftex.def Info: pictures/fig8.png  used on input line 456.
(pdftex.def)             Requested size: 271.5137pt x 64.23984pt.
 [26]

LaTeX Warning: Command \CYRS invalid in math mode on input line 468.

Missing character: There is no С in font cmr10!
<pictures/fig9.png, id=672, 752.8125pt x 313.17pt>
File: pictures/fig9.png Graphic file (type png)
<use pictures/fig9.png>
Package pdftex.def Info: pictures/fig9.png  used on input line 476.
(pdftex.def)             Requested size: 376.40532pt x 156.58461pt.

Overfull \hbox (16.40532pt too wide) in paragraph at lines 476--477
 [][] 
 []

[27 <./pictures/fig8.png>] [28 <./pictures/fig9.png>] [29] [30] [31] [32]
<pictures/fig10.png, id=734, 664.4825pt x 281.05pt>
File: pictures/fig10.png Graphic file (type png)
<use pictures/fig10.png>
Package pdftex.def Info: pictures/fig10.png  used on input line 618.
(pdftex.def)             Requested size: 332.24043pt x 140.52464pt.

[33 <./pictures/fig10.png>]

LaTeX Warning: Reference `eq_40' on page 34 undefined on input line 642.

[34]
Overfull \hbox (4.80716pt too wide) in paragraph at lines 646--647
[]\T2A/cmr/m/n/10.95 Самый про-стой спо-соб сге-не-ри-ро-вать до-пу-сти-мую по-
сле-до-ва-тель-ность
 []

LaTeX Font Info:    Trying to load font information for T2A+cmtt on input line 
648.
(/usr/share/texlive/texmf-dist/tex/latex/cyrillic/t2acmtt.fd
File: t2acmtt.fd 2001/08/11 v1.0a Computer Modern Cyrillic font definitions
) [35] [36]
<pictures/fig11.png, id=775, 708.6475pt x 294.09875pt>
File: pictures/fig11.png Graphic file (type png)
<use pictures/fig11.png>
Package pdftex.def Info: pictures/fig11.png  used on input line 699.
(pdftex.def)             Requested size: 354.32289pt x 147.04901pt.

[37 <./pictures/fig11.png>]
<pictures/fig12.png, id=784, 581.17125pt x 251.94125pt>
File: pictures/fig12.png Graphic file (type png)
<use pictures/fig12.png>
Package pdftex.def Info: pictures/fig12.png  used on input line 708.
(pdftex.def)             Requested size: 290.58492pt x 125.9703pt.
 [38 <./pictures/fig12.png>]
Overfull \hbox (16.90271pt too wide) in paragraph at lines 722--723
\T2A/cmr/m/n/10.95 сле-до-ва-тель-ные кон-фи-гу-ра-ции, со-здан-ные с по-мо-щью
 ал-го-рит-ма Metropolis,
 []


Overfull \hbox (3.82959pt too wide) in paragraph at lines 722--723
\T2A/cmr/m/n/10.95 мно-го пре-вы-ша-ю-щим вре-мя ав-то-кор-ре-ля-ции. Ав-то-кор
-ре-ля-ци-он-ная функ-
 []

[39] [40]
<pictures/fig13.png, id=806, 686.565pt x 294.09875pt>
File: pictures/fig13.png Graphic file (type png)
<use pictures/fig13.png>
Package pdftex.def Info: pictures/fig13.png  used on input line 765.
(pdftex.def)             Requested size: 343.28166pt x 147.04901pt.
 [41] [42 <./pictures/fig13.png>] [43] [44]

LaTeX Warning: Reference `39' on page 45 undefined on input line 846.

[45] [46]

LaTeX Warning: Reference `65' on page 47 undefined on input line 927.

[47]
<pictures/fig14.png, id=869, 761.84625pt x 331.2375pt>
File: pictures/fig14.png Graphic file (type png)
<use pictures/fig14.png>
Package pdftex.def Info: pictures/fig14.png  used on input line 945.
(pdftex.def)             Requested size: 380.9222pt x 165.61833pt.

Overfull \hbox (20.9222pt too wide) in paragraph at lines 945--946
 [][] 
 []


Underfull \hbox (badness 10000) in paragraph at lines 950--951

 []

[48] [49 <./pictures/fig14.png>] [50]
<pictures/fig15.png, id=901, 744.7825pt x 281.05pt>
File: pictures/fig15.png Graphic file (type png)
<use pictures/fig15.png>
Package pdftex.def Info: pictures/fig15.png  used on input line 1007.
(pdftex.def)             Requested size: 372.39034pt x 140.52464pt.

Overfull \hbox (12.39034pt too wide) in paragraph at lines 1007--1008
 [][] 
 []

[51 <./pictures/fig15.png>]

LaTeX Warning: Command \textperiodcentered invalid in math mode on input line 1
042.


LaTeX Warning: Command \textperiodcentered invalid in math mode on input line 1
042.

Missing character: There is no · in font cmr10!
[52]
<pictures/fig16.png, id=928, 731.73375pt x 313.17pt>
File: pictures/fig16.png Graphic file (type png)
<use pictures/fig16.png>
Package pdftex.def Info: pictures/fig16.png  used on input line 1053.
(pdftex.def)             Requested size: 365.86598pt x 156.58461pt.

Overfull \hbox (5.86598pt too wide) in paragraph at lines 1053--1054
 [][] 
 []


LaTeX Warning: Reference `eq_67' on page 53 undefined on input line 1060.

[53 <./pictures/fig16.png>]
<pictures/fig17.png, id=938, 729.72626pt x 299.1175pt>
File: pictures/fig17.png Graphic file (type png)
<use pictures/fig17.png>
Package pdftex.def Info: pictures/fig17.png  used on input line 1068.
(pdftex.def)             Requested size: 364.86224pt x 149.55838pt.

Overfull \hbox (4.86224pt too wide) in paragraph at lines 1068--1069
 [][] 
 []

[54] [55 <./pictures/fig17.png>] [56] [57]
<pictures/fig18.png, id=978, 797.98125pt x 231.86626pt>
File: pictures/fig18.png Graphic file (type png)
<use pictures/fig18.png>
Package pdftex.def Info: pictures/fig18.png  used on input line 1103.
(pdftex.def)             Requested size: 398.98964pt x 115.93283pt.

Overfull \hbox (38.98964pt too wide) in paragraph at lines 1103--1104
 [][] 
 []


Overfull \hbox (1.87329pt too wide) in paragraph at lines 1108--1109
\T2A/cmr/m/n/10.95 ма-лень-ким, на прак-ти-ке мо-жет ока-зать-ся невоз-мож-ным 
эр-го-ди-че-ски сэм-
 []

[58 <./pictures/fig18.png>] [59]
<pictures/fig19.png, id=995, 783.92876pt x 258.9675pt>
File: pictures/fig19.png Graphic file (type png)
<use pictures/fig19.png>
Package pdftex.def Info: pictures/fig19.png  used on input line 1144.
(pdftex.def)             Requested size: 391.96342pt x 129.48341pt.

Overfull \hbox (31.96342pt too wide) in paragraph at lines 1144--1145
 [][] 
 []

[60] [61 <./pictures/fig19.png>]
<pictures/fig20.png, id=1009, 707.64375pt x 319.1925pt>
File: pictures/fig20.png Graphic file (type png)
<use pictures/fig20.png>
Package pdftex.def Info: pictures/fig20.png  used on input line 1158.
(pdftex.def)             Requested size: 353.82101pt x 159.59586pt.
<pictures/fig21.png, id=1010, 733.74126pt x 331.2375pt>
File: pictures/fig21.png Graphic file (type png)
<use pictures/fig21.png>
Package pdftex.def Info: pictures/fig21.png  used on input line 1169.
(pdftex.def)             Requested size: 366.86974pt x 165.61833pt.

Overfull \hbox (6.86974pt too wide) in paragraph at lines 1169--1170
 [][] 
 []

[62 <./pictures/fig20.png>] [63 <./pictures/fig21.png>]
<pictures/fig22.png, id=1025, 402.50375pt x 192.72pt>
File: pictures/fig22.png Graphic file (type png)
<use pictures/fig22.png>
Package pdftex.def Info: pictures/fig22.png  used on input line 1195.
(pdftex.def)             Requested size: 201.25137pt x 96.35976pt.
 [64]
Overfull \hbox (20.98735pt too wide) in paragraph at lines 1216--1217
\PU/cmr/m/up/10.95 ^^B[])$\T2A/cmr/m/n/10.95 , за ис-клю-че-ни-ем гра-ни-цы, гд
е скрут-ка $\PU/cmr/m/up/10.95 ^^H$ \T2A/cmr/m/n/10.95 со-от-вет-ству-ет $\OML/
cmm/m/it/10.95 E[] \PU/cmr/m/up/10.95 = \OMS/cmsy/m/n/10.95 ^^@\OML/cmm/m/it/10
.95 Jcos\PU/cmr/m/up/10.95 (^^B[] \OMS/cmsy/m/n/10.95 ^^@
 []

[65 <./pictures/fig22.png>]
Overfull \hbox (0.31598pt too wide) in paragraph at lines 1252--1253
[]\T2A/cmr/m/n/10.95 Применяя скручивающее-поле, ко-то-рое за-ви-сит толь-ко от
 $\OML/cmm/m/it/10.95 x; \PU/cmr/m/up/10.95 ^^H(\OML/cmm/m/it/10.95 x; y\PU/cmr
/m/up/10.95 ) =
 []

[66]
Overfull \hbox (1.32768pt too wide) in paragraph at lines 1287--1288
[]\T2A/cmr/m/n/10.95 Статистическая сум-ма при на-ли-чии неболь-шо-го по-во-ро-
та мо-жет быть
 []


Overfull \hbox (36.72249pt too wide) detected at line 1292
[]\OML/cmm/m/it/10.95 Z\PU/cmr/m/up/10.95 (\OML/cmm/m/it/10.95 ^^^\PU/cmr/m/up/
10.95 ) = [] \OML/cmm/m/it/10.95 d\PU/cmr/m/up/10.95 [^^B]\OML/cmm/m/it/10.95 e
[] \OMS/cmsy/m/n/10.95 ! [] \OML/cmm/m/it/10.95 d\PU/cmr/m/up/10.95 [^^B]\OML/c
mm/m/it/10.95 e[]\PU/cmr/m/up/10.95 [1 \OMS/cmsy/m/n/10.95 ^^@ []\OML/cmm/m/it/
10.95 ^^L^^^[]H[] \PU/cmr/m/up/10.95 + [] ][1 + \OML/cmm/m/it/10.95 ^^L^^^I[] \
PU/cmr/m/up/10.95 + [](\OML/cmm/m/it/10.95 ^^L^^^I[]\PU/cmr/m/up/10.95 )[] + []
 ]
 []

[67]

LaTeX Warning: Reference `96' on page 68 undefined on input line 1322.


LaTeX Warning: Reference `96' on page 68 undefined on input line 1324.


LaTeX Warning: Reference `97' on page 68 undefined on input line 1324.


Overfull \hbox (6.01605pt too wide) in paragraph at lines 1324--1325
[]\T2A/cmr/m/n/10.95 Определение жест-ко-сти с по-мо-щью крутящего-поля мож-но 
лег-ко обоб-
 []


Overfull \hbox (2.50044pt too wide) in paragraph at lines 1324--1325
\T2A/cmr/m/n/10.95 щить на си-сте-мы с даль-но-дей-ству-ю-щи-ми вза-и-мо-дей-ст
ви-я-ми. Фор-мы ( [])
 []


Overfull \hbox (5.41241pt too wide) in paragraph at lines 1332--1333
[]\T2A/cmr/m/n/10.95 Критические мас-штаб-ные свой-ства спи-но-вой (или сверх-т
е-ку-чей) жест-
 []

[68] [69] [70]
<pictures/fig24.png, id=1090, 664.4825pt x 292.09125pt>
File: pictures/fig24.png Graphic file (type png)
<use pictures/fig24.png>
Package pdftex.def Info: pictures/fig24.png  used on input line 1405.
(pdftex.def)             Requested size: 332.24043pt x 146.04526pt.


LaTeX Warning: Reference `eq_105' on page 71 undefined on input line 1406.


LaTeX Warning: Reference `eq_105' on page 71 undefined on input line 1406.


LaTeX Warning: Reference `eq_105' on page 71 undefined on input line 1410.

[71 <./pictures/fig24.png>] [72] [73] [74]
<pictures/fig25.png, id=1148, 547.04375pt x 163.61125pt>
File: pictures/fig25.png Graphic file (type png)
<use pictures/fig25.png>
Package pdftex.def Info: pictures/fig25.png  used on input line 1438.
(pdftex.def)             Requested size: 273.5212pt x 81.80542pt.
 [75 <./pictures/fig25.png>]
Overfull \hbox (1.19029pt too wide) in paragraph at lines 1457--1458
[]\T2A/cmr/m/n/10.95 где по при-чи-нам, ко-то-рые ста-нут оче-вид-ны-ми ни-же, 
здесь бу-дет прак-
 []

[76]
Overfull \hbox (1.18103pt too wide) in paragraph at lines 1473--1474
[]\T2A/cmr/m/n/10.95 Гамильтониан Гей-зен-бер-га ( [][]106[][]) с пе-ри-о-ди-че
-ски-ми гра-нич-ны-ми усло-
 []

[77]
Overfull \hbox (10.5553pt too wide) in paragraph at lines 1493--1494
[]\T2A/cmr/m/n/10.95 Поскольку га-миль-то-ни-ан спин-вращательно-инвариантен, е
го соб-ствен-
 []


LaTeX Warning: Command \textperiodcentered invalid in math mode on input line 1
500.


LaTeX Warning: Command \textperiodcentered invalid in math mode on input line 1
500.

Missing character: There is no · in font cmr10!
[78]
<pictures/fig26.png, id=1181, 407.5225pt x 142.5325pt>
File: pictures/fig26.png Graphic file (type png)
<use pictures/fig26.png>
Package pdftex.def Info: pictures/fig26.png  used on input line 1536.
(pdftex.def)             Requested size: 203.76074pt x 71.26607pt.

Overfull \hbox (1.88313pt too wide) in paragraph at lines 1541--1542
[]\T2A/cmr/m/n/10.95 В Фор-тране 90 эта опе-ра-ция мо-жет быть ре-а-ли-зо-ва-на
 как ieor $\PU/cmr/m/up/10.95 (\OML/cmm/m/it/10.95 s; \PU/cmr/m/up/10.95 2[])$\
T2A/cmr/m/n/10.95 .
 []

[79] [80 <./pictures/fig26.png>] [81]
Overfull \hbox (6.6654pt too wide) in paragraph at lines 1576--1577
[][][][][][][][][][][][][][][][][][][][] 
 []


LaTeX Warning: Command \CYRM invalid in math mode on input line 1585.

Missing character: There is no М in font cmr10!

Overfull \hbox (6.6654pt too wide) in paragraph at lines 1590--1591
[][][][][][][][][][][][][][][][][] 
 []

[82] [83]
Underfull \hbox (badness 10000) in paragraph at lines 1643--1644

 []


Overfull \hbox (74.25294pt too wide) in paragraph at lines 1645--1652
[] 
 []


Underfull \hbox (badness 10000) in paragraph at lines 1645--1652

 []


Underfull \hbox (badness 10000) in paragraph at lines 1653--1660

 []

[84]
Underfull \hbox (badness 10000) in paragraph at lines 1661--1680

 []


Underfull \hbox (badness 10000) in paragraph at lines 1681--1682

 []


Underfull \hbox (badness 10000) in paragraph at lines 1683--1702

 []

[85]
Overfull \hbox (29.4066pt too wide) in paragraph at lines 1703--1704
\T2A/cmr/m/n/10.95 тич-ным спи-ном (стол-бец 2) и тот факт, что те-перь зна-че-
ния z-намагниченности
 []


Underfull \hbox (badness 10000) in paragraph at lines 1708--1716

 []


Underfull \hbox (badness 10000) in paragraph at lines 1717--1718

 []

[86]
Underfull \hbox (badness 10000) in paragraph at lines 1725--1726

 []


Underfull \hbox (badness 10000) in paragraph at lines 1727--1740

 []


Underfull \hbox (badness 10000) in paragraph at lines 1741--1757

 []

[87]
Underfull \hbox (badness 10000) in paragraph at lines 1762--1763

 []

[88]
Underfull \hbox (badness 10000) in paragraph at lines 1809--1815

 []


Underfull \hbox (badness 10000) in paragraph at lines 1816--1831

 []

[89]
Underfull \hbox (badness 10000) in paragraph at lines 1832--1833

 []


Underfull \hbox (badness 10000) in paragraph at lines 1843--1844

 []


Underfull \hbox (badness 10000) in paragraph at lines 1850--1859

 []

[90]
Underfull \hbox (badness 10000) in paragraph at lines 1860--1861

 []


Overfull \hbox (9.63423pt too wide) in paragraph at lines 1862--1867
[][] 
 []


Overfull \hbox (9.63423pt too wide) in paragraph at lines 1868--1877
[][] 
 []


Overfull \hbox (6.0037pt too wide) in paragraph at lines 1878--1882
[][] 
 []


Overfull \hbox (6.0037pt too wide) in paragraph at lines 1883--1887
[][] 
 []


Overfull \hbox (9.63423pt too wide) in paragraph at lines 1888--1892
[][] 
 []


Overfull \hbox (13.26477pt too wide) in paragraph at lines 1893--1901
[][] 
 []


Overfull \hbox (9.63423pt too wide) in paragraph at lines 1908--1914
[][] 
 []


Overfull \hbox (13.26477pt too wide) in paragraph at lines 1915--1927
[][] 
 []

[91]
Overfull \hbox (9.63423pt too wide) in paragraph at lines 1928--1934
[][] 
 []


Overfull \hbox (9.63423pt too wide) in paragraph at lines 1935--1941
[][] 
 []


Overfull \hbox (2.37689pt too wide) in paragraph at lines 1942--1948
[][] 
 []


Overfull \hbox (6.0037pt too wide) in paragraph at lines 1949--1953
[][] 
 []


Underfull \hbox (badness 10000) in paragraph at lines 1949--1953

 []


Underfull \hbox (badness 10000) in paragraph at lines 1955--1956

 []


Underfull \hbox (badness 10000) in paragraph at lines 1957--1964

 []


Underfull \hbox (badness 10000) in paragraph at lines 1965--1966

 []


Underfull \hbox (badness 10000) in paragraph at lines 1967--1985

 []

[92]
Underfull \hbox (badness 10000) in paragraph at lines 1986--1987

 []


Underfull \hbox (badness 10000) in paragraph at lines 1988--1995

 []


Underfull \hbox (badness 10000) in paragraph at lines 1996--1997

 []


Overfull \hbox (4.19028pt too wide) in paragraph at lines 1998--2006
[][] 
 []


Underfull \hbox (badness 10000) in paragraph at lines 1998--2006

 []

[93]

LaTeX Warning: Command \cyrs invalid in math mode on input line 2022.

Missing character: There is no с in font cmr10!
[94] [95]

LaTeX Warning: Command \cyri invalid in math mode on input line 2063.

Missing character: There is no и in font cmr10!

Overfull \hbox (6.57248pt too wide) in paragraph at lines 2074--2075
[]\T2A/cmr/m/n/10.95 Таким об-ра-зом, под-хо-дя-щи-ми ко-эф-фи-ци-ен-та-ми яв-л
я-ют-ся $\OML/cmm/m/it/10.95 a[] \PU/cmr/m/up/10.95 = \OML/cmm/m/it/10.95 H[]=N
[]$
 []

[96] [97] [98]

LaTeX Warning: Reference ` eq_192 ' on page 99 undefined on input line 2200.

[99] [100]
Underfull \hbox (badness 10000) in paragraph at lines 2228--2230

 []


Underfull \hbox (badness 10000) in paragraph at lines 2231--2232

 []


Overfull \hbox (103.65924pt too wide) in paragraph at lines 2235--2244
[][] 
 []


Underfull \hbox (badness 10000) in paragraph at lines 2235--2244

 []


Underfull \hbox (badness 10000) in paragraph at lines 2247--2248

 []


Underfull \hbox (badness 10000) in paragraph at lines 2249--2259

 []


Underfull \hbox (badness 10000) in paragraph at lines 2260--2264

 []


Underfull \hbox (badness 10000) in paragraph at lines 2265--2271

 []

[101]
Underfull \hbox (badness 10000) in paragraph at lines 2272--2280

 []


Underfull \hbox (badness 10000) in paragraph at lines 2281--2286

 []


Underfull \hbox (badness 10000) in paragraph at lines 2287--2294

 []


Underfull \hbox (badness 10000) in paragraph at lines 2295--2296

 []


Underfull \hbox (badness 10000) in paragraph at lines 2297--2303

 []


Underfull \hbox (badness 10000) in paragraph at lines 2304--2308

 []


Underfull \hbox (badness 10000) in paragraph at lines 2309--2313

 []


Underfull \hbox (badness 10000) in paragraph at lines 2314--2319

 []


Underfull \hbox (badness 10000) in paragraph at lines 2320--2325

 []


Underfull \hbox (badness 10000) in paragraph at lines 2326--2330

 []


Underfull \hbox (badness 10000) in paragraph at lines 2331--2335

 []

[102]
Underfull \hbox (badness 10000) in paragraph at lines 2336--2342

 []


Underfull \hbox (badness 10000) in paragraph at lines 2343--2344

 []


Underfull \hbox (badness 10000) in paragraph at lines 2345--2361

 []


Underfull \hbox (badness 10000) in paragraph at lines 2363--2372

 []

[103] [104]
Overfull \hbox (10.328pt too wide) in paragraph at lines 2407--2407
[]\T2A/cmr/bx/n/14.4 Приложение 1 Точ-ная диа-го-на-ли-за-ция це-пи Гей-
 []

[105] [106] [107] [108] [109] [110]
Overfull \hbox (47.406pt too wide) in paragraph at lines 2634--2635
[][][][][][][][][][][][][][][][][][][][][][][][][] 
 []

[111]
Overfull \hbox (2.3015pt too wide) in paragraph at lines 2683--2683
\T2A/cmr/bx/n/14.4 Гей-зен-бер-га S = 1/2 с ис-поль-зо-ва-ни-ем им-пульс-
 []

[112] [113]
Overfull \hbox (108.5169pt too wide) in paragraph at lines 2765--2766
[][][][][][][][][][][][][][][][][][][][][][][][][][][][][][][][][][][][][] 
 []


Overfull \hbox (108.5169pt too wide) in paragraph at lines 2778--2779
[][][][][][][][][][][][][][][][][][][][][][][][][][][][][][][] 
 []

[114]
Overfull \hbox (135.6773pt too wide) in paragraph at lines 2785--2786
[][][][][][][][][][][][][][][][][][][][][][][][][][][][][][][][][][][][][][][][
][][][] 
 []

[115] [116]
Overfull \hbox (27.0357pt too wide) in paragraph at lines 2879--2880
[][][][][][][][][][][][][][][][][][][][][][][][][][][][][][][][][][][][][][][] 

 []


Overfull \hbox (74.5664pt too wide) in paragraph at lines 2882--2883
[][][][][][][][][][][][][][][][][][][][][][][][][][][][][][][][][][][][][][][][
] 
 []

[117] [118]
Overfull \hbox (13.4555pt too wide) in paragraph at lines 2948--2949
[][][][][][][][][][][][][][][][][][][][][][][][] 
 []


Overfull \hbox (128.8872pt too wide) in paragraph at lines 2971--2972
[][][][][][][][][][][][][][][][][][][][][][][][][][][][][][][][][][][][][][][][
][][][][][][][][][][][][][][][][][][][][][][][][] 
 []

[119]
Overfull \hbox (40.6159pt too wide) in paragraph at lines 3019--3020
[][][][][][][][][][][][][][][][][][][][][][][][][][][][][] 
 []

[120]
Overfull \hbox (54.1961pt too wide) in paragraph at lines 3026--3027
[][][][][][][][][][][][][][][][][][][][][][][][][][][][][][] 
 []

[121]
Overfull \hbox (40.6159pt too wide) in paragraph at lines 3063--3064
[][][][][][][][][][][][][][][][][][][][][][][][][][][][][] 
 []


Overfull \hbox (13.4555pt too wide) in paragraph at lines 3070--3071
[][][][][][][][][][][][][][][][][][][][][][][][][][][][] 
 []


Overfull \hbox (27.0357pt too wide) in paragraph at lines 3086--3087
[][][][][][][][][][][][][][][][][][][][][][][][][][][][][][] 
 []


Overfull \hbox (27.0357pt too wide) in paragraph at lines 3087--3088
[][][][][][][][][][][][][][][][][][][][][][][][][][][][][][] 
 []

[122]
Overfull \hbox (122.0971pt too wide) in paragraph at lines 3109--3110
[][][][][][][][][][][][][][][][][][][][][][][][][][][][][][][][][][][][][][][][
][][][][][] 
 []

[123] [124] [125] [126] [127]
Overfull \hbox (13.4555pt too wide) in paragraph at lines 3312--3313
[][][][][][][][][][][][][][][][][][][][][][][][] 
 []

[128] [129]
Overfull \hbox (40.6159pt too wide) in paragraph at lines 3388--3389
[][][][][][][][][][][][][][][][][][][][][][][][][][][][][] 
 []


Overfull \hbox (81.3565pt too wide) in paragraph at lines 3395--3396
[][][][][][][][][][][][][][][][][][][][][][][][][][][][][][][][][][] 
 []

[130]
Overfull \hbox (40.6159pt too wide) in paragraph at lines 3437--3438
[][][][][][][][][][][][][][][][][][][][][][][][][][][][][] 
 []


Overfull \hbox (40.6159pt too wide) in paragraph at lines 3444--3445
[][][][][][][][][][][][][][][][][][][][][][][][][][][][][][][][] 
 []

[131]
Overfull \hbox (47.406pt too wide) in paragraph at lines 3462--3463
[][][][][][][][][][][][][][][][][][][][][][][][][][][][][][][][] 
 []


Overfull \hbox (33.8258pt too wide) in paragraph at lines 3463--3464
[][][][][][][][][][][][][][][][][][][][][][][][][][][][][][] 
 []


Overfull \hbox (47.406pt too wide) in paragraph at lines 3465--3466
[][][][][][][][][][][][][][][][][][][][][][][][][][][][][][][][] 
 []


Overfull \hbox (33.8258pt too wide) in paragraph at lines 3466--3467
[][][][][][][][][][][][][][][][][][][][][][][][][][][][][][] 
 []


Overfull \hbox (40.6159pt too wide) in paragraph at lines 3496--3497
[][][][][][][][][][][][][][][][][][][][][][][][][][][][][][][][] 
 []

[132]
Overfull \hbox (54.1961pt too wide) in paragraph at lines 3503--3504
[][][][][][][][][][][][][][][][][][][][][][][][][][][][][][][][][][] 
 []


Overfull \hbox (33.8258pt too wide) in paragraph at lines 3506--3507
[][][][][][][][][][][][][][][][][][][][][][][][][][][][][][][][] 
 []


Overfull \hbox (40.6159pt too wide) in paragraph at lines 3507--3508
[][][][][][][][][][][][][][][][][][][][][][][][][][][][][][][][] 
 []

[133] [134] [135] [136] [137]
Overfull \hbox (74.5664pt too wide) in paragraph at lines 3715--3716
[][][][][][][][][][][][][][][][][][][][][][][][][][][][][][][][][][][][][][][][
][][][][][][][][][][][][][][] 
 []

[138]
Underfull \hbox (badness 10000) in paragraph at lines 3746--3747
[]\T2A/cmr/m/n/10.95 Ландау Л.Д., Лиф-шиц Е.М. Курс тео-ре-ти-че-ской фи-зи-ки:

 []


Underfull \hbox (badness 2103) in paragraph at lines 3772--3773
[]\T2A/cmr/m/n/10.95 S.Chakravarty, B.I.Halperin, D.R.Nelson Two-dimensional qu
antum
 []

[139]
Underfull \hbox (badness 1043) in paragraph at lines 3778--3779
[]\T2A/cmr/m/n/10.95 S.Eggert, I Affleck and Takahashi Susceptibility of the sp
in 1/2
 []


Underfull \hbox (badness 2334) in paragraph at lines 3793--3794
[]\T2A/cmr/m/n/10.95 H.T.Diep (Editor), Frustrated Spin Systems -- World Scient
ific,
 []


Underfull \hbox (badness 2277) in paragraph at lines 3802--3803
[]\T2A/cmr/m/n/10.95 J. Cardy, Scaling and Renormalization in Statistical Physi
cs --
 []

[140]
Underfull \hbox (badness 3323) in paragraph at lines 3828--3829
[]\T2A/cmr/m/n/10.95 Сысоев С.С. Кван-то-вые вы-чис-ле-ния (Quantum computing) 
--
 []


Underfull \hbox (badness 10000) in paragraph at lines 3828--3829
\T2A/cmr/m/n/10.95 https://www.coursera.org/learn/kvantovyye-vychisleniya : Сан
кт-
 []


Underfull \hbox (badness 1983) in paragraph at lines 3834--3836
[]\T2A/cmr/m/n/10.95 Data files and plots of cross-sections and related quantit
ies in
 []


Underfull \hbox (badness 2538) in paragraph at lines 3841--3842
[]\T2A/cmr/m/n/10.95 Anders Sandvik (Instructor) PY 502, Computational Physics 
--
 []


Underfull \hbox (badness 10000) in paragraph at lines 3844--3845
[]\T2A/cmr/m/n/10.95 PGI COMPILERS AND TOOLS. CUDA FORTRAN
 []


Underfull \hbox (badness 10000) in paragraph at lines 3844--3845
\T2A/cmr/m/n/10.95 PROGRAMMING GUIDE AND REFERENCE. -- NVIDIA
 []


Underfull \hbox (badness 10000) in paragraph at lines 3853--3854
[]\T2A/cmr/m/n/10.95 Martin Pohl, Anna Sfyrla, Mercedes Paniccia Particle
 []


Underfull \hbox (badness 10000) in paragraph at lines 3853--3854
\T2A/cmr/m/n/10.95 Physics: an Introduction., 4.2 Electromagnetic scattering --

 []


Underfull \hbox (badness 10000) in paragraph at lines 3853--3854
\T2A/cmr/m/n/10.95 https://www.coursera.org/learn/particle-physics/lecture/Vd0t
P/4-
 []

[141]
Underfull \hbox (badness 6236) in paragraph at lines 3874--3875
[]\T2A/cmr/m/n/10.95 E.H.Lieb and D.C.Mattis (Editors), Many-Body Problem: An
 []


Underfull \hbox (badness 10000) in paragraph at lines 3886--3887
[]\T2A/cmr/m/n/10.95 L.A.Fernandez, V.Martin-Mayor, S.Perez-Gaviro, A.Tarancon,

 []


Underfull \hbox (badness 2293) in paragraph at lines 3886--3887
\T2A/cmr/m/n/10.95 A.P.Young Phase transition in the three dimensional Heisenbe
rg
 []

[142]
Underfull \hbox (badness 1472) in paragraph at lines 3898--3899
[]\T2A/cmr/m/n/10.95 I.P.McCulloch Infinite size density matrix renormalization
 group,
 []


Underfull \hbox (badness 2735) in paragraph at lines 3911--3912
[]\T2A/cmr/m/n/10.95 P.W.Anderson New Approach to the Theory of Superexchange
 []


Underfull \hbox (badness 10000) in paragraph at lines 3919--3920
[]\T2A/cmr/m/n/10.95 J.-Y.P. Delannoy, M.J.P. Gingras, P.C.W. Holdsworth, A.-
 []


Underfull \hbox (badness 1688) in paragraph at lines 3919--3920
\T2A/cmr/m/n/10.95 M.S.Tremblay Low-energy theory of the t-t'-t''-U Hubbard mod
el
 []


Underfull \hbox (badness 10000) in paragraph at lines 3923--3924
[]\T2A/cmr/m/n/10.95 D.Mermin, H.Wagner Absence of Ferromagnetism or
 []


Underfull \hbox (badness 10000) in paragraph at lines 3923--3924
\T2A/cmr/m/n/10.95 Antiferromagnetism in One- or Two-Dimensional Isotropic
 []


Underfull \hbox (badness 1675) in paragraph at lines 3923--3924
\T2A/cmr/m/n/10.95 Heisenberg Models -- Phys. Rev. Lett. Volume 17 , 1133, DOI:

 []


Underfull \hbox (badness 1077) in paragraph at lines 3927--3928
[]\T2A/cmr/m/n/10.95 P.C.Hohenberg Existence of Long-Range Order in One and Two

 []

[143]
Underfull \hbox (badness 1454) in paragraph at lines 3947--3948
[]\T2A/cmr/m/n/10.95 T.Aimi, M.Imada Does Simple Two-Dimensional Hubbard Model
 []

[144]
Underfull \hbox (badness 2644) in paragraph at lines 3991--3992
\T2A/cmr/m/n/10.95 Antiferromagnets: Semiclassically Quantized Solitons of the 
One-
 []


Underfull \hbox (badness 4254) in paragraph at lines 3995--3996
[]\T2A/cmr/m/n/10.95 I. Affleck Critical Behavior of Two-Dimensional Systems wi
th
 []

[145]
Underfull \hbox (badness 3250) in paragraph at lines 4043--4044
[]\T2A/cmr/m/n/10.95 Jean-S^^Aebastien Caux and Jean Michel Maillet Computation
 of
 []

[146]
Underfull \hbox (badness 3919) in paragraph at lines 4070--4071
[]\T2A/cmr/m/n/10.95 Ch.R^^Duegg, B.Normand, M.Matsumoto, A.Furrer, D.F.McMorro
w,
 []


Underfull \hbox (badness 2261) in paragraph at lines 4070--4071
\T2A/cmr/m/n/10.95 -- Phys. Rev. Lett. 100, 205701, DOI:  [][]$https : / / doi 
. org / 10 . 1103 /
 []


Underfull \hbox (badness 10000) in paragraph at lines 4074--4075
[]\T2A/cmr/m/n/10.95 R.R.P.Singh, M.P.Gelfand, D.A.Huse Ground States of Low-
 []


Underfull \hbox (badness 3364) in paragraph at lines 4074--4075
\T2A/cmr/m/n/10.95 Dimensional Quantum Antiferromagnets -- Phys. Rev. Lett. 61,

 []


Underfull \hbox (badness 2799) in paragraph at lines 4082--4083
[]\T2A/cmr/m/n/10.95 A.V.Chubukov, D. K. Morr Phase transition, longitudinal sp
in
 []


Underfull \hbox (badness 1824) in paragraph at lines 4090--4091
[]\T2A/cmr/m/n/10.95 J.D.Reger, A.P.Young Monte Carlo simulations of the spin-(
1/2
 []

[147]
Underfull \hbox (badness 3354) in paragraph at lines 4102--4103
[]\T2A/cmr/m/n/10.95 A. W. Sandvik Multichain Mean-Field Theory of Quasi-One-
 []


Underfull \hbox (badness 2158) in paragraph at lines 4114--4115
[]\T2A/cmr/m/n/10.95 L. Wang, K.S.D. Beach, A.W.Sandvik High-precision finite-s
ize
 []


Underfull \hbox (badness 1117) in paragraph at lines 4126--4127
\T2A/cmr/m/n/10.95 of the quantum critical points in planar dimerized/quadrumer
ized
 []


Underfull \hbox (badness 3646) in paragraph at lines 4130--4131
\T2A/cmr/m/n/10.95 Universality Class from a Two-Dimensional Dimerized Quantum
 []

[148]
Underfull \hbox (badness 1270) in paragraph at lines 4162--4163
\T2A/cmr/m/n/10.95 First-Order Behavior in a Frustrated Ising Model on the Squa
re
 []

[149]
Underfull \hbox (badness 3849) in paragraph at lines 4182--4183
[]\T2A/cmr/m/n/10.95 F. Kr^^Duger, S. Scheidl Frustrated Heisenberg antiferroma
gnets:
 []


Underfull \hbox (badness 2221) in paragraph at lines 4182--4183
\T2A/cmr/m/n/10.95 Fluctuation-induced first order vs. deconfined quantum criti
cality
 []


Underfull \hbox (badness 10000) in paragraph at lines 4182--4183
\T2A/cmr/m/n/10.95 -- Europhys. Lett. 74, 896,DOI:  [][]$https : / / doi . org 
/ 10 . 1209 / epl /
 []

[150]
Underfull \hbox (badness 1122) in paragraph at lines 4226--4227
\T2A/cmr/m/n/10.95 Critical exponents and equation of state of the three-dimens
ional
 []

[151] [152] [153]
Underfull \hbox (badness 1360) in paragraph at lines 4357--4358
[]\T2A/cmr/m/n/10.95 J. C. Bonner and M. E. Fisher Linear Magnetic Chains with
 []


Underfull \hbox (badness 2644) in paragraph at lines 4361--4362
[]\T2A/cmr/m/n/10.95 W. E. Estes, D. P. Gravel, W. E. Hatfield, D. J. Godjson
 []


Underfull \hbox (badness 10000) in paragraph at lines 4361--4362
\T2A/cmr/m/n/10.95 Magnetic and structural characterization of dibromo- and
 []


Underfull \hbox (badness 10000) in paragraph at lines 4361--4362
\T2A/cmr/m/n/10.95 dichlorobis(thiazole)copper(II) -- Inorg. Chem. 17, 1415, DO
I:
 []


Underfull \hbox (badness 3158) in paragraph at lines 4369--4370
[]\T2A/cmr/m/n/10.95 J. des Cloizeaux, J. J. Pearson Spin-Wave Spectrum of the
 []


Underfull \hbox (badness 1442) in paragraph at lines 4384--4385
\T2A/cmr/m/n/10.95 chains -- Phys. Rev. B 55, 3358, DOI:  [][]$https : / / doi 
. org / 10 . 1103 /
 []

[154]
Underfull \hbox (badness 10000) in paragraph at lines 4388--4389
[]\T2A/cmr/m/n/10.95 M.Takigawa, O.A.Starykh, A.W.Sandvik, R.R.P.Singh Nuclear
 []


Underfull \hbox (badness 4954) in paragraph at lines 4396--4397
[]\T2A/cmr/m/n/10.95 K.Nomura, K. Okamoto Fluid-dimer critical point in $\OML/c
mm/m/it/10.95 S \PU/cmr/m/up/10.95 =
 []


Underfull \hbox (badness 1960) in paragraph at lines 4396--4397
\T2A/cmr/m/n/10.95 interactions -- Phys. Lett. A 169, 433,  [][]$https : / / do
i . org / 10 . 1016 /
 []


Underfull \hbox (badness 1303) in paragraph at lines 4403--4404
\T2A/cmr/m/n/10.95 with frustrated antiferromagnetic exchange: Comparison with 
field
 []


Underfull \hbox (badness 4582) in paragraph at lines 4415--4416
[]\T2A/cmr/m/n/10.95 B.S.Shastry, B.Sutherland Exact ground state of a quantum
 []

[155]
Underfull \hbox (badness 2334) in paragraph at lines 4431--4432
[]\T2A/cmr/m/n/10.95 B. S. Shastry Exact Jastrow-Gutzwiller resonating-valence-
bond
 []


Underfull \hbox (badness 5050) in paragraph at lines 4443--4444
[]\T2A/cmr/m/n/10.95 T. Oguchi Theory of Spin-Wave Interactions in Ferro- and
 []


LaTeX Warning: Command \textendash invalid in math mode on input line 4456.


Underfull \hbox (badness 2401) in paragraph at lines 4456--4457
[]\T2A/cmr/m/n/10.95 D.D.Betts, H.-Q.Lin, J.S.Flynn The spin-1/2 $\OML/cmm/m/it
/10.95 J[]\PU/cmr/m/up/10.95 ^^U\OML/cmm/m/it/10.95 J[]$ \T2A/cmr/m/n/10.95 Hei
senberg
 []


Underfull \hbox (badness 2057) in paragraph at lines 4456--4457
\T2A/cmr/m/n/10.95 spins -- Can. J. Phys. 77, 353,  [][]$http : / / dx . doi . 
org / 10 . 1140 / epjb /
 []

[156]
Underfull \hbox (badness 3250) in paragraph at lines 4488--4489
[]\T2A/cmr/m/n/10.95 J. W. Lyklema Quantum-Statistical Monte Carlo Method for
 []

[157]
Underfull \hbox (badness 2799) in paragraph at lines 4510--4511
[]\T2A/cmr/m/n/10.95 H.-P. Ying, U.-J. Wiese, D.-R. Ji Loop-cluster algorithm: 
an
 []

[158]
Underfull \hbox (badness 4634) in paragraph at lines 4550--4551
[]\T2A/cmr/m/n/10.95 H. F. Trotter On the product of semi-groups of operators
 []


Underfull \hbox (badness 10000) in paragraph at lines 4550--4551
\T2A/cmr/m/n/10.95 -- Proc. Am. Math. Soc. 10, 545,  [][]$https : / / doi . org
 / 10 . 1090 /
 []


Underfull \hbox (badness 1533) in paragraph at lines 4558--4559
[]\T2A/cmr/m/n/10.95 N. Hatano and M. Suzuki, in Quantum Annealing and Other
 []


Underfull \hbox (badness 1655) in paragraph at lines 4558--4559
\T2A/cmr/m/n/10.95 Optimization Methods, Edited by B.K. Chakrabarti and A. Das
 []

(/usr/share/texlive/texmf-dist/tex/latex/ucs/data/uni-1.def
File: uni-1.def 2013/05/13 UCS: Unicode data U+0100..U+01FF
) [159]
Underfull \hbox (badness 1389) in paragraph at lines 4593--4594
\T2A/cmr/m/n/10.95 of the two-dimensional quantum XY model -- Phys. Rev. B 55,
 []


Underfull \hbox (badness 4266) in paragraph at lines 4601--4602
[]\T2A/cmr/m/n/10.95 D. E. Knuth, The Art of Computer Programming, Vol. 2:
 []

[160] [161]
Underfull \hbox (badness 1769) in paragraph at lines 4677--4678
\T2A/cmr/m/n/10.95 spin-stiffness constant for the spin (1/2 square-lattice Hei
senberg
 []

[162]
Underfull \hbox (badness 1072) in paragraph at lines 4726--4727
\T2A/cmr/m/n/10.95 theory in three dimensions: Phase structure, spins, gauge bo
sons,
 []

[163] [164]
Underfull \hbox (badness 7186) in paragraph at lines 4807--4808
[]\T2A/cmr/m/n/10.95 R. Yu, T. Roscilde, and S. Haas Quantum disorder and
 []


Underfull \hbox (badness 3579) in paragraph at lines 4807--4808
\T2A/cmr/m/n/10.95 Griffiths singularities in bond-diluted two-dimensional Heis
enberg
 []


Underfull \hbox (badness 1540) in paragraph at lines 4810--4811
[]\T2A/cmr/m/n/10.95 T. Roscilde and S. Haas Mott Glass in Site-Diluted $\OML/c
mm/m/it/10.95 S \PU/cmr/m/up/10.95 = 1$
 []

[165]
Underfull \hbox (badness 5245) in paragraph at lines 4825--4826
\T2A/cmr/m/n/10.95 Resonating-Valence-Bond-Type Wave Functions for the Spin-1/2

 []


Underfull \hbox (badness 4647) in paragraph at lines 4834--4835
[]\T2A/cmr/m/n/10.95 S. Liang Existence of N^^Aeel order at T=0 in the spin-1/2

 []

[166]
Underfull \hbox (badness 1072) in paragraph at lines 4852--4853
[]\T2A/cmr/m/n/10.95 H. Tran and N. E. Bonesteel Valence Bond Entanglement and
 []

Package atveryend Info: Empty hook `BeforeClearDocument' on input line 4859.
[167]
Package atveryend Info: Empty hook `AfterLastShipout' on input line 4859.
 (./qss.aux)
Package atveryend Info: Executing hook `AtVeryEndDocument' on input line 4859.
Package atveryend Info: Executing hook `AtEndAfterFileList' on input line 4859.

Package rerunfilecheck Info: File `qss.out' has not changed.
(rerunfilecheck)             Checksum: 16828064F2CB3340F7250112ACB7530E;19282.


LaTeX Font Warning: Some font shapes were not available, defaults substituted.


LaTeX Warning: There were undefined references.


LaTeX Warning: There were multiply-defined labels.

Package atveryend Info: Empty hook `AtVeryVeryEnd' on input line 4859.
 ) 
Here is how much of TeX's memory you used:
 18540 strings out of 481239
 249954 string characters out of 5920378
 652832 words of memory out of 5000000
 31553 multiletter control sequences out of 15000+600000
 551324 words of font info for 73 fonts, out of 8000000 for 9000
 1141 hyphenation exceptions out of 8191
 38i,7n,58p,8453b,1825s stack positions out of 5000i,500n,10000p,200000b,80000s
{/usr/share/texmf/fonts/enc/dvips/cm-super/cm-super-t2a.enc}{/usr/share/texmf
/fonts/enc/dvips/cm-super/cm-super-ts1.enc}</usr/share/texlive/texmf-dist/fonts
/type1/public/amsfonts/cm/cmex10.pfb></usr/share/texlive/texmf-dist/fonts/type1
/public/amsfonts/cm/cmmi10.pfb></usr/share/texlive/texmf-dist/fonts/type1/publi
c/amsfonts/cm/cmmi12.pfb></usr/share/texlive/texmf-dist/fonts/type1/public/amsf
onts/cm/cmmi6.pfb></usr/share/texlive/texmf-dist/fonts/type1/public/amsfonts/cm
/cmmi8.pfb></usr/share/texlive/texmf-dist/fonts/type1/public/amsfonts/cm/cmr10.
pfb></usr/share/texlive/texmf-dist/fonts/type1/public/amsfonts/cm/cmr17.pfb></u
sr/share/texlive/texmf-dist/fonts/type1/public/amsfonts/cm/cmr6.pfb></usr/share
/texlive/texmf-dist/fonts/type1/public/amsfonts/cm/cmr8.pfb></usr/share/texlive
/texmf-dist/fonts/type1/public/amsfonts/cm/cmsy10.pfb></usr/share/texlive/texmf
-dist/fonts/type1/public/amsfonts/cm/cmsy6.pfb></usr/share/texlive/texmf-dist/f
onts/type1/public/amsfonts/cm/cmsy8.pfb></usr/share/texmf/fonts/type1/public/cm
-super/sfbx1095.pfb></usr/share/texmf/fonts/type1/public/cm-super/sfbx1200.pfb>
</usr/share/texmf/fonts/type1/public/cm-super/sfbx1440.pfb></usr/share/texmf/fo
nts/type1/public/cm-super/sfbx1728.pfb></usr/share/texmf/fonts/type1/public/cm-
super/sfrm0800.pfb></usr/share/texmf/fonts/type1/public/cm-super/sfrm1095.pfb><
/usr/share/texmf/fonts/type1/public/cm-super/sfrm1200.pfb></usr/share/texmf/fon
ts/type1/public/cm-super/sfti1095.pfb></usr/share/texmf/fonts/type1/public/cm-s
uper/sftt1095.pfb>
Output written on qss.pdf (167 pages, 1461235 bytes).
PDF statistics:
 4029 PDF objects out of 4296 (max. 8388607)
 3746 compressed objects within 38 object streams
 2029 named destinations out of 2073 (max. 500000)
 470 words of extra memory for PDF output out of 10000 (max. 10000000)

